<?xml version="1.0" encoding="UTF-8"?>
<!-- Generated by org.testng.reporters.JUnitXMLReporter -->
<testsuite hostname="Sergey-PC" name="TestNG tests" tests="12" failures="4" timestamp="24 Nov 2015 19:47:25 GMT" time="0.048" errors="0">
  <testcase name="testGetColorOnBlue" time="0.014" classname="ClassUnderTest.PenNGTest"/>
  <testcase name="testGetColorOnGreen" time="0.002" classname="ClassUnderTest.PenNGTest">
    <failure type="java.lang.AssertionError" message="expected [GREEN] but found [BLUE]">
      <![CDATA[java.lang.AssertionError: expected [GREEN] but found [BLUE]
	at ClassUnderTest.PenNGTest.testGetColorOnGreen(PenNGTest.java:28)
... Removed 28 stack frames]]>
    </failure>
  </testcase> <!-- testGetColorOnGreen -->
  <testcase name="testIsWorkOnNegative" time="0.0" classname="ClassUnderTest.PenNGTest"/>
  <testcase name="testIsWorkOnPositive" time="0.0" classname="ClassUnderTest.PenNGTest"/>
  <testcase name="testIsWorkOnZero" time="0.0" classname="ClassUnderTest.PenNGTest"/>
  <testcase name="testWriteOnInkEqualToWordLength" time="0.001" classname="ClassUnderTest.PenNGTest"/>
  <testcase name="testWriteOnInkLessThenWordLength" time="0.0" classname="ClassUnderTest.PenNGTest"/>
  <testcase name="testWriteOnInkMoreThenWordLength" time="0.001" classname="ClassUnderTest.PenNGTest"/>
  <testcase name="testWriteOnNotWork" time="0.0" classname="ClassUnderTest.PenNGTest"/>
  <testcase name="testWriteOnSizeLetterEqualZero" time="0.001" classname="ClassUnderTest.PenNGTest">
    <failure type="java.lang.AssertionError" message="expected [] but found [testWord]">
      <![CDATA[java.lang.AssertionError: expected [] but found [testWord]
	at ClassUnderTest.PenNGTest.testWriteOnSizeLetterEqualZero(PenNGTest.java:60)
... Removed 28 stack frames]]>
    </failure>
  </testcase> <!-- testWriteOnSizeLetterEqualZero -->
  <testcase name="testWriteOnSizeLetterLessZero" time="0.0" classname="ClassUnderTest.PenNGTest">
    <failure type="java.lang.AssertionError" message="expected [] but found [testWord]">
      <![CDATA[java.lang.AssertionError: expected [] but found [testWord]
	at ClassUnderTest.PenNGTest.testWriteOnSizeLetterLessZero(PenNGTest.java:64)
... Removed 28 stack frames]]>
    </failure>
  </testcase> <!-- testWriteOnSizeLetterLessZero -->
  <testcase name="testWriteOnSizeOfWordMoreThanInc" time="0.0" classname="ClassUnderTest.PenNGTest">
    <failure type="java.lang.AssertionError" message="expected [te] but found [test]">
      <![CDATA[java.lang.AssertionError: expected [te] but found [test]
	at ClassUnderTest.PenNGTest.testWriteOnSizeOfWordMoreThanInc(PenNGTest.java:68)
... Removed 28 stack frames]]>
    </failure>
  </testcase> <!-- testWriteOnSizeOfWordMoreThanInc -->
</testsuite> <!-- TestNG tests -->
