<html>
<head>
<title>TestNG:  TestNG tests</title>
<link href="../testng.css" rel="stylesheet" type="text/css" />
<link href="../my-testng.css" rel="stylesheet" type="text/css" />

<style type="text/css">
.log { display: none;} 
.stack-trace { display: none;} 
</style>
<script type="text/javascript">
<!--
function flip(e) {
  current = e.style.display;
  if (current == 'block') {
    e.style.display = 'none';
    return 0;
  }
  else {
    e.style.display = 'block';
    return 1;
  }
}

function toggleBox(szDivId, elem, msg1, msg2)
{
  var res = -1;  if (document.getElementById) {
    res = flip(document.getElementById(szDivId));
  }
  else if (document.all) {
    // this is the way old msie versions work
    res = flip(document.all[szDivId]);
  }
  if(elem) {
    if(res == 0) elem.innerHTML = msg1; else elem.innerHTML = msg2;
  }

}

function toggleAllBoxes() {
  if (document.getElementsByTagName) {
    d = document.getElementsByTagName('div');
    for (i = 0; i < d.length; i++) {
      if (d[i].className == 'log') {
        flip(d[i]);
      }
    }
  }
}

// -->
</script>

</head>
<body>
<h2 align='center'>TestNG tests</h2><table border='1' align="center">
<tr>
<td>Tests passed/Failed/Skipped:</td><td>8/4/0</td>
</tr><tr>
<td>Started on:</td><td>Tue Nov 24 22:47:25 GMT+03:00 2015</td>
</tr>
<tr><td>Total time:</td><td>0 seconds (48 ms)</td>
</tr><tr>
<td>Included groups:</td><td></td>
</tr><tr>
<td>Excluded groups:</td><td></td>
</tr>
</table><p/>
<small><i>(Hover the method name to see the test class name)</i></small><p/>
<table width='100%' border='1' class='invocation-failed'>
<tr><td colspan='4' align='center'><b>FAILED TESTS</b></td></tr>
<tr><td><b>Test method</b></td>
<td width="30%"><b>Exception</b></td>
<td width="10%"><b>Time (seconds)</b></td>
<td><b>Instance</b></td>
</tr>
<tr>
<td title='ClassUnderTest.PenNGTest.testGetColorOnGreen()'><b>testGetColorOnGreen</b><br>Test class: ClassUnderTest.PenNGTest</td>
<td><div><pre>java.lang.AssertionError: expected [GREEN] but found [BLUE]
	at ClassUnderTest.PenNGTest.testGetColorOnGreen(PenNGTest.java:28)
... Removed 28 stack frames</pre></div><a href='#' onClick='toggleBox("stack-trace20671747", this, "Click to show all stack frames", "Click to hide stack frames")'>Click to show all stack frames</a>
<div class='stack-trace' id='stack-trace20671747'><pre>java.lang.AssertionError: expected [GREEN] but found [BLUE]
	at org.testng.Assert.fail(Assert.java:94)
	at org.testng.Assert.failNotEquals(Assert.java:494)
	at org.testng.Assert.assertEquals(Assert.java:123)
	at org.testng.Assert.assertEquals(Assert.java:176)
	at org.testng.Assert.assertEquals(Assert.java:186)
	at ClassUnderTest.PenNGTest.testGetColorOnGreen(PenNGTest.java:28)
	at sun.reflect.NativeMethodAccessorImpl.invoke0(Native Method)
	at sun.reflect.NativeMethodAccessorImpl.invoke(NativeMethodAccessorImpl.java:62)
	at sun.reflect.DelegatingMethodAccessorImpl.invoke(DelegatingMethodAccessorImpl.java:43)
	at java.lang.reflect.Method.invoke(Method.java:483)
	at org.testng.internal.MethodInvocationHelper.invokeMethod(MethodInvocationHelper.java:84)
	at org.testng.internal.Invoker.invokeMethod(Invoker.java:714)
	at org.testng.internal.Invoker.invokeTestMethod(Invoker.java:901)
	at org.testng.internal.Invoker.invokeTestMethods(Invoker.java:1231)
	at org.testng.internal.TestMethodWorker.invokeTestMethods(TestMethodWorker.java:127)
	at org.testng.internal.TestMethodWorker.run(TestMethodWorker.java:111)
	at org.testng.TestRunner.privateRun(TestRunner.java:767)
	at org.testng.TestRunner.run(TestRunner.java:617)
	at org.testng.SuiteRunner.runTest(SuiteRunner.java:334)
	at org.testng.SuiteRunner.runSequentially(SuiteRunner.java:329)
	at org.testng.SuiteRunner.privateRun(SuiteRunner.java:291)
	at org.testng.SuiteRunner.run(SuiteRunner.java:240)
	at org.testng.SuiteRunnerWorker.runSuite(SuiteRunnerWorker.java:52)
	at org.testng.SuiteRunnerWorker.run(SuiteRunnerWorker.java:86)
	at org.testng.TestNG.runSuitesSequentially(TestNG.java:1224)
	at org.testng.TestNG.runSuitesLocally(TestNG.java:1149)
	at org.testng.TestNG.run(TestNG.java:1057)
	at org.testng.TestNG.privateMain(TestNG.java:1364)
	at org.testng.TestNG.main(TestNG.java:1333)
</pre></div></td>
<td>0</td>
<td>ClassUnderTest.PenNGTest@75828a0f</td></tr>
<tr>
<td title='ClassUnderTest.PenNGTest.testWriteOnSizeLetterEqualZero()'><b>testWriteOnSizeLetterEqualZero</b><br>Test class: ClassUnderTest.PenNGTest</td>
<td><div><pre>java.lang.AssertionError: expected [] but found [testWord]
	at ClassUnderTest.PenNGTest.testWriteOnSizeLetterEqualZero(PenNGTest.java:60)
... Removed 28 stack frames</pre></div><a href='#' onClick='toggleBox("stack-trace627150481", this, "Click to show all stack frames", "Click to hide stack frames")'>Click to show all stack frames</a>
<div class='stack-trace' id='stack-trace627150481'><pre>java.lang.AssertionError: expected [] but found [testWord]
	at org.testng.Assert.fail(Assert.java:94)
	at org.testng.Assert.failNotEquals(Assert.java:494)
	at org.testng.Assert.assertEquals(Assert.java:123)
	at org.testng.Assert.assertEquals(Assert.java:176)
	at org.testng.Assert.assertEquals(Assert.java:186)
	at ClassUnderTest.PenNGTest.testWriteOnSizeLetterEqualZero(PenNGTest.java:60)
	at sun.reflect.NativeMethodAccessorImpl.invoke0(Native Method)
	at sun.reflect.NativeMethodAccessorImpl.invoke(NativeMethodAccessorImpl.java:62)
	at sun.reflect.DelegatingMethodAccessorImpl.invoke(DelegatingMethodAccessorImpl.java:43)
	at java.lang.reflect.Method.invoke(Method.java:483)
	at org.testng.internal.MethodInvocationHelper.invokeMethod(MethodInvocationHelper.java:84)
	at org.testng.internal.Invoker.invokeMethod(Invoker.java:714)
	at org.testng.internal.Invoker.invokeTestMethod(Invoker.java:901)
	at org.testng.internal.Invoker.invokeTestMethods(Invoker.java:1231)
	at org.testng.internal.TestMethodWorker.invokeTestMethods(TestMethodWorker.java:127)
	at org.testng.internal.TestMethodWorker.run(TestMethodWorker.java:111)
	at org.testng.TestRunner.privateRun(TestRunner.java:767)
	at org.testng.TestRunner.run(TestRunner.java:617)
	at org.testng.SuiteRunner.runTest(SuiteRunner.java:334)
	at org.testng.SuiteRunner.runSequentially(SuiteRunner.java:329)
	at org.testng.SuiteRunner.privateRun(SuiteRunner.java:291)
	at org.testng.SuiteRunner.run(SuiteRunner.java:240)
	at org.testng.SuiteRunnerWorker.runSuite(SuiteRunnerWorker.java:52)
	at org.testng.SuiteRunnerWorker.run(SuiteRunnerWorker.java:86)
	at org.testng.TestNG.runSuitesSequentially(TestNG.java:1224)
	at org.testng.TestNG.runSuitesLocally(TestNG.java:1149)
	at org.testng.TestNG.run(TestNG.java:1057)
	at org.testng.TestNG.privateMain(TestNG.java:1364)
	at org.testng.TestNG.main(TestNG.java:1333)
</pre></div></td>
<td>0</td>
<td>ClassUnderTest.PenNGTest@75828a0f</td></tr>
<tr>
<td title='ClassUnderTest.PenNGTest.testWriteOnSizeLetterLessZero()'><b>testWriteOnSizeLetterLessZero</b><br>Test class: ClassUnderTest.PenNGTest</td>
<td><div><pre>java.lang.AssertionError: expected [] but found [testWord]
	at ClassUnderTest.PenNGTest.testWriteOnSizeLetterLessZero(PenNGTest.java:64)
... Removed 28 stack frames</pre></div><a href='#' onClick='toggleBox("stack-trace1911728085", this, "Click to show all stack frames", "Click to hide stack frames")'>Click to show all stack frames</a>
<div class='stack-trace' id='stack-trace1911728085'><pre>java.lang.AssertionError: expected [] but found [testWord]
	at org.testng.Assert.fail(Assert.java:94)
	at org.testng.Assert.failNotEquals(Assert.java:494)
	at org.testng.Assert.assertEquals(Assert.java:123)
	at org.testng.Assert.assertEquals(Assert.java:176)
	at org.testng.Assert.assertEquals(Assert.java:186)
	at ClassUnderTest.PenNGTest.testWriteOnSizeLetterLessZero(PenNGTest.java:64)
	at sun.reflect.NativeMethodAccessorImpl.invoke0(Native Method)
	at sun.reflect.NativeMethodAccessorImpl.invoke(NativeMethodAccessorImpl.java:62)
	at sun.reflect.DelegatingMethodAccessorImpl.invoke(DelegatingMethodAccessorImpl.java:43)
	at java.lang.reflect.Method.invoke(Method.java:483)
	at org.testng.internal.MethodInvocationHelper.invokeMethod(MethodInvocationHelper.java:84)
	at org.testng.internal.Invoker.invokeMethod(Invoker.java:714)
	at org.testng.internal.Invoker.invokeTestMethod(Invoker.java:901)
	at org.testng.internal.Invoker.invokeTestMethods(Invoker.java:1231)
	at org.testng.internal.TestMethodWorker.invokeTestMethods(TestMethodWorker.java:127)
	at org.testng.internal.TestMethodWorker.run(TestMethodWorker.java:111)
	at org.testng.TestRunner.privateRun(TestRunner.java:767)
	at org.testng.TestRunner.run(TestRunner.java:617)
	at org.testng.SuiteRunner.runTest(SuiteRunner.java:334)
	at org.testng.SuiteRunner.runSequentially(SuiteRunner.java:329)
	at org.testng.SuiteRunner.privateRun(SuiteRunner.java:291)
	at org.testng.SuiteRunner.run(SuiteRunner.java:240)
	at org.testng.SuiteRunnerWorker.runSuite(SuiteRunnerWorker.java:52)
	at org.testng.SuiteRunnerWorker.run(SuiteRunnerWorker.java:86)
	at org.testng.TestNG.runSuitesSequentially(TestNG.java:1224)
	at org.testng.TestNG.runSuitesLocally(TestNG.java:1149)
	at org.testng.TestNG.run(TestNG.java:1057)
	at org.testng.TestNG.privateMain(TestNG.java:1364)
	at org.testng.TestNG.main(TestNG.java:1333)
</pre></div></td>
<td>0</td>
<td>ClassUnderTest.PenNGTest@75828a0f</td></tr>
<tr>
<td title='ClassUnderTest.PenNGTest.testWriteOnSizeOfWordMoreThanInc()'><b>testWriteOnSizeOfWordMoreThanInc</b><br>Test class: ClassUnderTest.PenNGTest</td>
<td><div><pre>java.lang.AssertionError: expected [te] but found [test]
	at ClassUnderTest.PenNGTest.testWriteOnSizeOfWordMoreThanInc(PenNGTest.java:68)
... Removed 28 stack frames</pre></div><a href='#' onClick='toggleBox("stack-trace88558700", this, "Click to show all stack frames", "Click to hide stack frames")'>Click to show all stack frames</a>
<div class='stack-trace' id='stack-trace88558700'><pre>java.lang.AssertionError: expected [te] but found [test]
	at org.testng.Assert.fail(Assert.java:94)
	at org.testng.Assert.failNotEquals(Assert.java:494)
	at org.testng.Assert.assertEquals(Assert.java:123)
	at org.testng.Assert.assertEquals(Assert.java:176)
	at org.testng.Assert.assertEquals(Assert.java:186)
	at ClassUnderTest.PenNGTest.testWriteOnSizeOfWordMoreThanInc(PenNGTest.java:68)
	at sun.reflect.NativeMethodAccessorImpl.invoke0(Native Method)
	at sun.reflect.NativeMethodAccessorImpl.invoke(NativeMethodAccessorImpl.java:62)
	at sun.reflect.DelegatingMethodAccessorImpl.invoke(DelegatingMethodAccessorImpl.java:43)
	at java.lang.reflect.Method.invoke(Method.java:483)
	at org.testng.internal.MethodInvocationHelper.invokeMethod(MethodInvocationHelper.java:84)
	at org.testng.internal.Invoker.invokeMethod(Invoker.java:714)
	at org.testng.internal.Invoker.invokeTestMethod(Invoker.java:901)
	at org.testng.internal.Invoker.invokeTestMethods(Invoker.java:1231)
	at org.testng.internal.TestMethodWorker.invokeTestMethods(TestMethodWorker.java:127)
	at org.testng.internal.TestMethodWorker.run(TestMethodWorker.java:111)
	at org.testng.TestRunner.privateRun(TestRunner.java:767)
	at org.testng.TestRunner.run(TestRunner.java:617)
	at org.testng.SuiteRunner.runTest(SuiteRunner.java:334)
	at org.testng.SuiteRunner.runSequentially(SuiteRunner.java:329)
	at org.testng.SuiteRunner.privateRun(SuiteRunner.java:291)
	at org.testng.SuiteRunner.run(SuiteRunner.java:240)
	at org.testng.SuiteRunnerWorker.runSuite(SuiteRunnerWorker.java:52)
	at org.testng.SuiteRunnerWorker.run(SuiteRunnerWorker.java:86)
	at org.testng.TestNG.runSuitesSequentially(TestNG.java:1224)
	at org.testng.TestNG.runSuitesLocally(TestNG.java:1149)
	at org.testng.TestNG.run(TestNG.java:1057)
	at org.testng.TestNG.privateMain(TestNG.java:1364)
	at org.testng.TestNG.main(TestNG.java:1333)
</pre></div></td>
<td>0</td>
<td>ClassUnderTest.PenNGTest@75828a0f</td></tr>
</table><p>
<table width='100%' border='1' class='invocation-passed'>
<tr><td colspan='4' align='center'><b>PASSED TESTS</b></td></tr>
<tr><td><b>Test method</b></td>
<td width="30%"><b>Exception</b></td>
<td width="10%"><b>Time (seconds)</b></td>
<td><b>Instance</b></td>
</tr>
<tr>
<td title='ClassUnderTest.PenNGTest.testGetColorOnBlue()'><b>testGetColorOnBlue</b><br>Test class: ClassUnderTest.PenNGTest</td>
<td></td>
<td>0</td>
<td>ClassUnderTest.PenNGTest@75828a0f</td></tr>
<tr>
<td title='ClassUnderTest.PenNGTest.testIsWorkOnNegative()'><b>testIsWorkOnNegative</b><br>Test class: ClassUnderTest.PenNGTest</td>
<td></td>
<td>0</td>
<td>ClassUnderTest.PenNGTest@75828a0f</td></tr>
<tr>
<td title='ClassUnderTest.PenNGTest.testIsWorkOnPositive()'><b>testIsWorkOnPositive</b><br>Test class: ClassUnderTest.PenNGTest</td>
<td></td>
<td>0</td>
<td>ClassUnderTest.PenNGTest@75828a0f</td></tr>
<tr>
<td title='ClassUnderTest.PenNGTest.testIsWorkOnZero()'><b>testIsWorkOnZero</b><br>Test class: ClassUnderTest.PenNGTest</td>
<td></td>
<td>0</td>
<td>ClassUnderTest.PenNGTest@75828a0f</td></tr>
<tr>
<td title='ClassUnderTest.PenNGTest.testWriteOnInkEqualToWordLength()'><b>testWriteOnInkEqualToWordLength</b><br>Test class: ClassUnderTest.PenNGTest</td>
<td></td>
<td>0</td>
<td>ClassUnderTest.PenNGTest@75828a0f</td></tr>
<tr>
<td title='ClassUnderTest.PenNGTest.testWriteOnInkLessThenWordLength()'><b>testWriteOnInkLessThenWordLength</b><br>Test class: ClassUnderTest.PenNGTest</td>
<td></td>
<td>0</td>
<td>ClassUnderTest.PenNGTest@75828a0f</td></tr>
<tr>
<td title='ClassUnderTest.PenNGTest.testWriteOnInkMoreThenWordLength()'><b>testWriteOnInkMoreThenWordLength</b><br>Test class: ClassUnderTest.PenNGTest</td>
<td></td>
<td>0</td>
<td>ClassUnderTest.PenNGTest@75828a0f</td></tr>
<tr>
<td title='ClassUnderTest.PenNGTest.testWriteOnNotWork()'><b>testWriteOnNotWork</b><br>Test class: ClassUnderTest.PenNGTest</td>
<td></td>
<td>0</td>
<td>ClassUnderTest.PenNGTest@75828a0f</td></tr>
</table><p>
</body>
</html>